make all --print-data-base --no-builtin-variables --no-builtin-rules --question
# GNU Make 3.81
# Copyright (C) 2006  Free Software Foundation, Inc.
# This is free software; see the source for copying conditions.
# There is NO warranty; not even for MERCHANTABILITY or FITNESS FOR A
# PARTICULAR PURPOSE.

# This program built for i386-apple-darwin11.3.0
 

# Make data base, printed on Fri Aug 26 11:51:11 2022

# Variables

# automatic
<D = $(patsubst %/,%,$(dir $<))
# automatic
?F = $(notdir $?)
# makefile (from `Makefile', line 5)
OBJ = $(SRC:%.cpp=%.o)
# makefile (from `Makefile', line 3)
SRC = Convert.cpp main.cpp
# environment
VSCODE_LOG_NATIVE = false
# automatic
?D = $(patsubst %/,%,$(dir $?))
# automatic
@D = $(patsubst %/,%,$(dir $@))
# automatic
@F = $(notdir $@)
# makefile
CURDIR := /Users/anastasiadementeva/Desktop/projects/module_cpp/06/ex00
# makefile
SHELL = /bin/sh
# environment
VSCODE_NLS_CONFIG = {"locale":"ru","availableLanguages":{},"_languagePackSupport":true}
# environment
_ = /usr/bin/make
# makefile (from `Makefile', line 1)
MAKEFILE_LIST :=  Makefile
# environment
VSCODE_VERBOSE_LOGGING = true
# environment
__CFBundleIdentifier = com.microsoft.VSCode
# environment
VSCODE_IPC_HOOK_EXTHOST = /var/folders/v6/_pmsvg_n0jnfrjfd4ygwk2p00000gn/T/vscode-ipc-46c6dab4-eeda-4ce5-a7a7-8f603deae92f.sock
# environment
VSCODE_CWD = /
# environment
PATH = /Library/Frameworks/Python.framework/Versions/3.9/bin:/usr/local/bin:/usr/bin:/bin:/usr/sbin:/sbin:/usr/local/share/dotnet:~/.dotnet/tools:/Library/Apple/usr/bin:/Library/Frameworks/Mono.framework/Versions/Current/Commands:/Users/anastasiadementeva/Library/Application Support/Coursier/bin
# environment
VSCODE_LOG_STACK = false
# environment
ELECTRON_RUN_AS_NODE = 1
# default
.FEATURES := target-specific order-only second-expansion else-if archives jobserver check-symlink
# environment
SSH_AUTH_SOCK = /private/tmp/com.apple.launchd.glzdiDyTYH/Listeners
# automatic
%F = $(notdir $%)
# environment
VSCODE_PIPE_LOGGING = true
# environment
PWD = /Users/anastasiadementeva/Desktop/projects/module_cpp/06/ex00
# environment
ORIGINAL_XDG_CURRENT_DESKTOP = undefined
# makefile (from `Makefile', line 11)
GREEN = \033[0;32m
# environment
VSCODE_AMD_ENTRYPOINT = vs/workbench/services/extensions/node/extensionHostProcess
# environment
HOME = /Users/anastasiadementeva
# makefile (from `Makefile', line 14)
MARK = \033[7m
# default
MAKEFILEPATH := /Applications/Xcode.app/Contents/Developer/Makefiles
# environment
VSCODE_CODE_CACHE_PATH = /Users/anastasiadementeva/Library/Application Support/Code/CachedData/7db1a2b88f7557e0a43fec75b6ba7e50b3e9f77e
# environment
LOGNAME = anastasiadementeva
# environment
APPLICATION_INSIGHTS_NO_DIAGNOSTIC_CHANNEL = true
# environment
VSCODE_HANDLES_UNCAUGHT_ERRORS = true
# automatic
^D = $(patsubst %/,%,$(dir $^))
# environment
XPC_FLAGS = 0x0
# default
MAKE = $(MAKE_COMMAND)
# default
MAKECMDGOALS := all
# environment
SHLVL = 1
# makefile (from `Makefile', line 7)
CC = c++
# default
MAKE_VERSION := 3.81
# environment
USER = anastasiadementeva
# makefile (from `Makefile', line 13)
CROSS = \033[9m
# makefile
 
.DEFAULT_GOAL := all
# makefile (from `Makefile', line 1)
NAME = convert
# automatic
%D = $(patsubst %/,%,$(dir $%))
# default
MAKE_COMMAND := /Applications/Xcode.app/Contents/Developer/usr/bin/make
# makefile (from `Makefile', line 4)
INCL = Convert.hpp
# default
.VARIABLES := 
# environment
TMPDIR = /var/folders/v6/_pmsvg_n0jnfrjfd4ygwk2p00000gn/T/
# automatic
*F = $(notdir $*)
# environment
VSCODE_IPC_HOOK = /Users/anastasiadementeva/Library/Application Support/Code/1.63.0-main.sock
# makefile (from `Makefile', line 12)
RED = \033[0;31m
# makefile
MAKEFLAGS = Rrqp
# environment
MFLAGS = -Rrqp
# automatic
*D = $(patsubst %/,%,$(dir $*))
# environment
XPC_SERVICE_NAME = application.com.microsoft.VSCode.13070837.13070843
# automatic
+D = $(patsubst %/,%,$(dir $+))
# automatic
+F = $(notdir $+)
# environment
__CF_USER_TEXT_ENCODING = 0x1F5:0x7:0x31
# environment
COMMAND_MODE = unix2003
# default
MAKEFILES := 
# automatic
<F = $(notdir $<)
# makefile (from `Makefile', line 8)
C_FLAGS = -Wall -Wextra -Werror -g
# environment
LC_ALL = C
# makefile (from `Makefile', line 15)
RESET = \033[0m
# automatic
^F = $(notdir $^)
# default
SUFFIXES := 
# makefile (from `Makefile', line 9)
FLAGS = -std=c++98 $(C_FLAGS)
# environment
MAKELEVEL := 0
# environment
LANG = C
# environment
VSCODE_PID = 933
# variable set hash-table stats:
# Load=73/1024=7%, Rehash=0, Collisions=4/102=4%

# Pattern-specific Variable Values

# No pattern-specific variable values.

# Directories

# . (device 16777230, inode 25111672): 10 files, no impossibilities.

# 10 files, no impossibilities in 1 directories.

# Implicit Rules

%.o: %.cpp Convert.hpp
#  commands to execute (from `Makefile', line 26):
	$(CC) $(FLAGS) -c $< -o $@
	@echo "\n$(MARK) $(NAME): $(GREEN)object files were created$(RESET)"
	

# 1 implicit rules, 0 (0.0%) terminal.

# Files

all: convert
#  Phony target (prerequisite of .PHONY).
#  Command-line target.
#  Implicit rule search has not been done.
#  File does not exist.
#  File has been updated.
#  Successfully updated.
# variable set hash-table stats:
# Load=0/32=0%, Rehash=0, Collisions=0/0=0%

.PHONY: all clean fclean re
#  Implicit rule search has not been done.
#  Modification time never checked.
#  File has not been updated.

# Not a target:
.SUFFIXES:
#  Implicit rule search has not been done.
#  Modification time never checked.
#  File has not been updated.

# Not a target:
Makefile:
#  Implicit rule search has been done.
#  Last modified 2022-08-26 11:50:54
#  File has been updated.
#  Successfully updated.
# variable set hash-table stats:
# Load=0/32=0%, Rehash=0, Collisions=0/0=0%

# Not a target:
main.cpp:
#  Implicit rule search has been done.
#  Last modified 2022-08-26 11:41:58
#  File has been updated.
#  Successfully updated.
# variable set hash-table stats:
# Load=0/32=0%, Rehash=0, Collisions=0/0=0%

# Not a target:
Convert.cpp:
#  Implicit rule search has been done.
#  Last modified 2022-08-26 11:42:55
#  File has been updated.
#  Successfully updated.
# variable set hash-table stats:
# Load=0/32=0%, Rehash=0, Collisions=0/0=0%

fclean: clean
#  Phony target (prerequisite of .PHONY).
#  Implicit rule search has not been done.
#  File does not exist.
#  File has not been updated.
#  commands to execute (from `Makefile', line 34):
	@rm -rf $(NAME)
	@echo "$(RED)$(NAME) was deleted$(RESET)"
	

# Not a target:
Convert.hpp:
#  Implicit rule search has been done.
#  Last modified 2022-08-26 11:39:55
#  File has been updated.
#  Successfully updated.
# variable set hash-table stats:
# Load=0/32=0%, Rehash=0, Collisions=0/0=0%

# Not a target:
.DEFAULT:
#  Implicit rule search has not been done.
#  Modification time never checked.
#  File has not been updated.

re: fclean all
#  Phony target (prerequisite of .PHONY).
#  Implicit rule search has not been done.
#  File does not exist.
#  File has not been updated.

clean:
#  Phony target (prerequisite of .PHONY).
#  Implicit rule search has not been done.
#  File does not exist.
#  File has not been updated.
#  commands to execute (from `Makefile', line 30):
	@rm -rf $(OBJ)
	@echo "$(RED)$(NAME) obj was deleted$(RESET)"
	

main.o: main.cpp Convert.hpp
#  Implicit rule search has been done.
#  Implicit/static pattern stem: `main'
 
#  Last modified 2022-08-26 11:51:03
#  File has been updated.
#  Successfully updated.
# variable set hash-table stats:
# Load=0/32=0%, Rehash=0, Collisions=0/0=0%
#  commands to execute (from `Makefile', line 26):
	$(CC) $(FLAGS) -c $< -o $@
	@echo "\n$(MARK) $(NAME): $(GREEN)object files were created$(RESET)"
	

Convert.o: Convert.cpp Convert.hpp
#  Implicit rule search has been done.
#  Implicit/static pattern stem: `Convert'
#  Last modified 2022-08-26 11:51:03
#  File has been updated.
#  Successfully updated.
# variable set hash-table stats:
# Load=0/32=0%, Rehash=0, Collisions=0/0=0%
#  commands to execute (from `Makefile', line 26):
	$(CC) $(FLAGS) -c $< -o $@
	@echo "\n$(MARK) $(NAME): $(GREEN)object files were created$(RESET)"
	

convert: Convert.o main.o Convert.hpp
#  Implicit rule search has not been done.
#  Last modified 2022-08-26 11:51:03
#  File has been updated.
#  Successfully updated.
# variable set hash-table stats:
# Load=0/32=0%, Rehash=0, Collisions=0/0=0%
#  commands to execute (from `Makefile', line 22):
	@$(CC) $(FLAGS) $(OBJ) -o $(NAME)
	@echo "$(MARK) $(NAME): $(GREEN)$(NAME) was created$(RESET)"
	

# files hash-table stats:
# Load=14/1024=1%, Rehash=0, Collisions=0/48=0%
# VPATH Search Paths

# No `vpath' search paths.

# No general (`VPATH' variable) search path.

# # of strings in strcache: 1
# # of strcache buffers: 1
# strcache size: total = 4096 / max = 4096 / min = 4096 / avg = 4096
# strcache free: total = 4087 / max = 4087 / min = 4087 / avg = 4087

# Finished Make data base on Fri Aug 26 11:51:11 2022

 
